<?xml version="1.0" encoding="UTF-8"?>
<!-- Generated by org.testng.reporters.JUnitXMLReporter -->
<testsuite ignored="0" hostname="CARDOZ" failures="0" tests="4" name="Test" time="31.372" errors="0" timestamp="2025-07-01T16:32:10 IST">
  <testcase classname="testCases.TC001_AccountRegistrationTest" name="verify_account_registration" time="3.146"/>
  <testcase classname="testCases.TC002_LoginTest" name="Verify_Login" time="1.716"/>
  <testcase classname="testCases.TC003_LoginDDT" name="Verify_LoginDDT" time="2.653"/>
  <testcase classname="testCases.TC003_LoginDDT" name="Verify_LoginDDT" time="11.399"/>
</testsuite> <!-- Test -->
